Arguments: 
  /usr/local/bin/node /usr/local/Cellar/yarn/1.15.2/libexec/bin/yarn.js init

PATH: 
  /Users/ghost/.opam/default/bin:/usr/local/opt/openssl/bin:/usr/local/opt/icu4c/sbin:/usr/local/opt/icu4c/bin:/Library/Frameworks/Python.framework/Versions/3.7/bin:/usr/local/bin:/usr/bin:/bin:/usr/sbin:/sbin

Yarn version: 
  1.15.2

Node version: 
  10.15.3

Platform: 
  darwin x64

Trace: 
  Error: canceled
      at Interface.<anonymous> (/usr/local/Cellar/yarn/1.15.2/libexec/lib/cli.js:125801:13)
      at Interface.emit (events.js:189:13)
      at Interface._ttyWrite (readline.js:783:16)
      at ReadStream.onkeypress (readline.js:168:10)
      at ReadStream.emit (events.js:189:13)
      at emitKeys (internal/readline.js:424:14)
      at emitKeys.next (<anonymous>)
      at ReadStream.onData (readline.js:1022:36)
      at ReadStream.emit (events.js:189:13)
      at addChunk (_stream_readable.js:284:12)

npm manifest: 
  {
    "name": "localstorage-thunk",
    "version": "1.0.0",
    "description": "Describe localstorage-thunk here",
    "main": "lib/index.js",
    "module": "es/index.js",
    "files": [
      "es",
      "lib",
      "umd"
    ],
    "scripts": {
      "build": "nwb build-web-module",
      "clean": "nwb clean-module",
      "prepublishOnly": "npm run build",
      "test": "nwb test",
      "test:coverage": "nwb test --coverage",
      "test:watch": "nwb test --server"
    },
    "dependencies": {
    },
    "devDependencies": {
      "nwb": "0.23.x"
    },
    "author": "",
    "homepage": "",
    "license": "MIT",
    "repository": ""
  }

yarn manifest: 
  No manifest

Lockfile: 
  No lockfile
